# Server version 0.08 running on George_y410p:8123
# Game ID: 805
# Board class: halma.CCBoard
# Timeout: 1000
# Date: Sun Apr 06 01:11:09 PDT 2014
# Player 1: Player-0, 's260401458', running on George_y410p
# Player 2: Player-1, 'sSingMovePlayer', running on George_y410p
# Player 3: Player-2, 'sSingMovePlayer', running on George_y410p
# Player 4: Player-3, 'sSingMovePlayer', running on George_y410p
START Player-0 s260401458
START Player-1 sSingMovePlayer
START Player-2 sSingMovePlayer
START Player-3 sSingMovePlayer
0 (2,2) (3,3)
1 (15,1) (13,3)
1 null null
2 (0,14) (2,12)
2 null null
3 (14,14) (12,12)
3 null null
0 (0,0) (2,2)
0 (2,2) (0,0)
0 (0,0) (2,2)
0 (2,2) (4,4)
0 null null
1 (14,0) (12,2)
1 null null
2 (1,13) (3,11)
2 null null
3 (13,13) (11,11)
3 null null
0 (0,1) (2,3)
0 (2,3) (4,3)
0 (4,3) (4,5)
0 null null
1 (14,1) (12,3)
1 null null
2 (2,12) (4,10)
2 null null
3 (14,15) (12,13)
3 (12,13) (12,11)
3 (12,11) (10,11)
3 null null
GAMEOVER TIMEOUT Player-0
WINNER Player-1
# Game ended: Sun Apr 06 01:11:11 PDT 2014
