# Server version 0.08 running on 142.157.68.181:8123
# Game ID: 503
# Board class: halma.CCBoard
# Timeout: 100000
# Date: Thu Apr 03 15:08:24 PDT 2014
# Player 1: Player-0, 'Greedy', running on 142.157.68.181
# Player 2: Player-1, 's260401458', running on 142.157.68.181
# Player 3: Player-2, 'sSingMovePlayer', running on 142.157.68.181
# Player 4: Player-3, 'Greedy', running on 142.157.68.181
START Player-0 Greedy
START Player-1 s260401458
START Player-2 sSingMovePlayer
START Player-3 Greedy
0 (1,0) (3,2)
0 null null
1 (14,3) (15,4)
2 (0,14) (2,12)
2 null null
3 (15,14) (13,12)
3 null null
0 (0,0) (1,0)
1 (15,4) (14,3)
2 (1,13) (3,11)
2 null null
3 (15,15) (15,14)
0 (0,1) (2,3)
0 null null
1 (14,3) (15,4)
2 (2,12) (4,10)
2 null null
3 (14,15) (12,13)
3 null null
0 (0,2) (2,4)
0 null null
1 (15,4) (14,3)
2 (2,15) (4,13)
2 null null
3 (13,15) (11,13)
3 null null
0 (0,3) (1,4)
1 (14,3) (15,4)
2 (1,15) (3,13)
2 (3,13) (5,13)
2 null null
3 (12,15) (11,14)
0 (1,0) (0,1)
1 (15,4) (14,3)
2 (0,13) (2,11)
2 (2,11) (4,11)
2 (4,11) (4,9)
2 null null
3 (15,14) (14,15)
0 (2,0) (4,2)
0 null null
1 (14,3) (15,4)
2 (3,14) (5,12)
2 null null
3 (15,13) (13,11)
3 null null
0 (3,0) (4,1)
GAMEOVER USER CANCEL
UNDECIDED
# Game ended: Thu Apr 03 15:08:37 PDT 2014
