# Server version 0.08 running on George_y410p:8123
# Game ID: 826
# Board class: halma.CCBoard
# Timeout: 1000
# Date: Mon Apr 07 11:13:06 PDT 2014
# Player 1: Player-0, 's260401458', running on George_y410p
# Player 2: Player-1, 's260401458', running on George_y410p
# Player 3: Player-2, 's260401458', running on George_y410p
# Player 4: Player-3, 'Human', running on George_y410p
START Player-0 s260401458
START Player-1 s260401458
START Player-2 s260401458
START Player-3 Human
0 (0,1) (2,3)
0 null null
1 (13,2) (12,3)
2 (1,12) (2,12)
3 (13,13) (12,12)
0 (1,2) (3,4)
0 null null
1 (15,3) (13,3)
1 (13,3) (15,3)
1 (15,3) (13,3)
1 (13,3) (11,3)
1 null null
2 (2,12) (3,13)
