# Server version 0.08 running on 142.157.148.33:8123
# Game ID: 640
# Board class: halma.CCBoard
# Timeout: 100000
# Date: Sat Apr 05 14:57:45 PDT 2014
# Player 1: Player-0, 's260401458', running on 142.157.148.33
# Player 2: Player-1, 'Human', running on 142.157.148.33
# Player 3: Player-2, 'random', running on 142.157.148.33
# Player 4: Player-3, 'random', running on 142.157.148.33
START Player-0 s260401458
START Player-1 Human
START Player-2 random
START Player-3 random
0 (0,1) (2,3)
0 null null
1 (13,2) (12,3)
2 (2,13) (4,15)
2 (4,15) (2,13)
2 (2,13) (4,15)
2 (4,15) (2,13)
2 null null
3 (13,13) (15,11)
3 null null
GAMEOVER TIMEOUT Player-0
WINNER Player-1
# Game ended: Sat Apr 05 14:59:32 PDT 2014
