# Server version 0.08 running on 142.157.148.33:8123
# Game ID: 738
# Board class: halma.CCBoard
# Timeout: 1000
# Date: Sat Apr 05 18:10:36 PDT 2014
# Player 1: Player-0, 's260401458', running on 142.157.148.33
# Player 2: Player-1, 'sSingMovePlayer', running on 142.157.148.33
# Player 3: Player-2, 'sSingMovePlayer', running on 142.157.148.33
# Player 4: Player-3, 'sSingMovePlayer', running on 142.157.148.33
START Player-0 s260401458
START Player-1 sSingMovePlayer
START Player-2 sSingMovePlayer
START Player-3 sSingMovePlayer
0 (2,2) (3,3)
1 (15,1) (13,3)
1 null null
2 (0,14) (2,12)
2 null null
3 (14,14) (12,12)
3 null null
0 (0,0) (2,2)
0 (2,2) (4,4)
0 null null
1 (14,0) (12,2)
1 (12,2) (14,4)
1 (14,4) (12,2)
1 (12,2) (14,4)
1 (14,4) (12,2)
1 (12,2) (14,4)
1 (14,4) (12,2)
1 null null
2 (1,13) (3,11)
2 null null
3 (13,13) (11,11)
3 null null
GAMEOVER TIMEOUT Player-0
WINNER Player-1
# Game ended: Sat Apr 05 18:10:39 PDT 2014
