# Server version 0.08 running on George_y410p:8123
# Game ID: 781
# Board class: halma.CCBoard
# Timeout: 1000
# Date: Sun Apr 06 00:12:06 PDT 2014
# Player 1: Player-0, 's260401458', running on George_y410p
# Player 2: Player-1, 's260401458', running on George_y410p
# Player 3: Player-2, 's260401458', running on George_y410p
# Player 4: Player-3, 'Human', running on George_y410p
START Player-0 s260401458
START Player-1 s260401458
START Player-2 s260401458
START Player-3 Human
0 (2,2) (3,3)
1 (14,3) (15,4)
2 (2,13) (4,15)
2 (4,15) (2,13)
2 (2,13) (0,11)
2 null null
3 (13,13) (12,12)
0 (3,3) (4,4)
1 (13,2) (12,3)
2 (1,12) (2,11)
