# Server version 0.08 running on 142.157.148.33:8123
# Game ID: 739
# Board class: halma.CCBoard
# Timeout: 1000
# Date: Sat Apr 05 18:12:52 PDT 2014
# Player 1: Player-0, 's260401458', running on 142.157.148.33
# Player 2: Player-1, 'random', running on 142.157.148.33
# Player 3: Player-2, 'random', running on 142.157.148.33
# Player 4: Player-3, 'random', running on 142.157.148.33
START Player-0 s260401458
START Player-1 random
START Player-2 random
START Player-3 random
0 (2,2) (3,3)
1 (14,3) (13,3)
2 (2,15) (4,15)
2 (4,15) (2,15)
2 (2,15) (4,13)
2 (4,13) (2,15)
2 (2,15) (4,13)
2 (4,13) (2,15)
2 (2,15) (4,13)
2 (4,13) (2,15)
2 (2,15) (4,13)
2 (4,13) (2,15)
2 (2,15) (4,13)
2 null null
3 (14,13) (14,11)
3 (14,11) (14,13)
3 (14,13) (12,13)
3 (12,13) (14,13)
3 null null
GAMEOVER TIMEOUT Player-0
WINNER Player-1
# Game ended: Sat Apr 05 18:12:54 PDT 2014
