# Server version 0.08 running on 142.157.148.33:8123
# Game ID: 747
# Board class: halma.CCBoard
# Timeout: 100000
# Date: Sat Apr 05 18:25:49 PDT 2014
# Player 1: Player-0, 's260401458', running on 142.157.148.33
# Player 2: Player-1, 'random', running on 142.157.148.33
# Player 3: Player-2, 'random', running on 142.157.148.33
# Player 4: Player-3, 'random', running on 142.157.148.33
START Player-0 s260401458
START Player-1 random
START Player-2 random
START Player-3 random
0 (2,2) (3,3)
1 (14,3) (14,4)
2 (1,12) (2,12)
3 (13,13) (11,15)
3 (11,15) (13,13)
3 (13,13) (11,15)
3 (11,15) (13,13)
3 null null
0 (0,0) (2,2)
0 (2,2) (4,4)
0 null null
1 (14,4) (13,5)
2 (1,15) (3,13)
2 (3,13) (1,15)
2 null null
3 (12,14) (11,14)
0 (1,0) (3,2)
0 (3,2) (3,4)
0 (3,4) (5,4)
0 null null
1 (13,5) (14,6)
2 (2,12) (3,11)
3 (14,14) (12,12)
3 null null
