# Server version 0.08 running on 142.157.148.33:8123
# Game ID: 616
# Board class: halma.CCBoard
# Timeout: 1000
# Date: Sat Apr 05 13:44:10 PDT 2014
# Player 1: Player-0, 's260401458', running on 142.157.148.33
# Player 2: Player-1, 'random', running on 142.157.148.33
# Player 3: Player-2, 'random', running on 142.157.148.33
# Player 4: Player-3, 'Human', running on 142.157.148.33
START Player-0 s260401458
START Player-1 random
START Player-2 random
START Player-3 Human
0 (0,1) (2,3)
0 null null
1 (12,0) (11,1)
2 (2,15) (4,13)
2 null null
3 (14,14) (12,12)
3 null null
0 (1,2) (3,4)
0 null null
1 (15,2) (13,4)
1 (13,4) (15,2)
1 (15,2) (15,4)
1 null null
2 (4,13) (4,12)
