# Server version 0.08 running on George_y410p:8123
# Game ID: 560
# Board class: halma.CCBoard
# Timeout: 10000
# Date: Fri Apr 04 00:03:03 PDT 2014
# Player 1: Player-0, 's260401458', running on George_y410p
# Player 2: Player-1, 's260401458', running on George_y410p
# Player 3: Player-2, 's260401458', running on George_y410p
# Player 4: Player-3, 's260401458', running on George_y410p
START Player-0 s260401458
START Player-1 s260401458
START Player-2 s260401458
START Player-3 s260401458
0 (2,2) (3,3)
1 (14,1) (12,3)
1 null null
2 (2,13) (3,12)
GAMEOVER USER CANCEL
UNDECIDED
# Game ended: Fri Apr 04 00:03:21 PDT 2014
