# Server version 0.08 running on George_y410p:8123
# Game ID: 785
# Board class: halma.CCBoard
# Timeout: 1000
# Date: Sun Apr 06 00:20:26 PDT 2014
# Player 1: Player-0, 's260401458', running on George_y410p
# Player 2: Player-1, 'sSingMovePlayer', running on George_y410p
# Player 3: Player-2, 'sSingMovePlayer', running on George_y410p
# Player 4: Player-3, 'Human', running on George_y410p
START Player-0 s260401458
START Player-1 sSingMovePlayer
START Player-2 sSingMovePlayer
START Player-3 Human
0 (2,2) (3,3)
1 (15,1) (13,3)
1 null null
2 (0,14) (2,12)
2 null null
3 (13,13) (12,12)
0 (0,0) (2,2)
0 (2,2) (4,4)
0 null null
1 (14,0) (12,2)
1 null null
2 (1,13) (3,11)
2 null null
3 (15,15) (13,13)
3 (13,13) (11,11)
3 null null
GAMEOVER ILLEGAL MOVE: Player 0 end turn
WINNER Player-1
# Game ended: Sun Apr 06 00:20:32 PDT 2014
