# Server version 0.08 running on 142.157.148.33:8123
# Game ID: 624
# Board class: halma.CCBoard
# Timeout: 1000
# Date: Sat Apr 05 14:01:00 PDT 2014
# Player 1: Player-0, 's260401458', running on 142.157.148.33
# Player 2: Player-1, 'random', running on 142.157.148.33
# Player 3: Player-2, 'random', running on 142.157.148.33
# Player 4: Player-3, 'random', running on 142.157.148.33
START Player-0 s260401458
START Player-1 random
START Player-2 random
START Player-3 random
0 (0,1) (2,3)
0 null null
1 (14,3) (13,3)
2 (3,14) (4,15)
3 (12,15) (11,15)
0 (1,2) (3,4)
0 null null
1 (15,2) (14,3)
2 (4,15) (3,14)
3 (12,14) (11,14)
0 (2,0) (4,2)
0 null null
1 (14,3) (13,4)
2 (2,13) (2,12)
3 (13,15) (12,15)
0 (1,0) (3,2)
0 (3,2) (5,2)
0 null null
1 (13,2) (15,2)
1 null null
2 (1,13) (1,11)
2 null null
3 (11,14) (10,13)
0 (1,1) (3,3)
0 (3,3) (3,5)
0 null null
1 (13,4) (12,4)
2 (2,12) (1,13)
3 (15,12) (14,11)
0 (0,2) (2,4)
0 (2,4) (4,6)
0 null null
1 (12,1) (11,1)
2 (2,15) (2,13)
2 (2,13) (2,15)
2 (2,15) (4,13)
2 null null
3 (15,14) (15,12)
3 null null
0 (3,1) (5,3)
0 null null
1 (11,1) (10,0)
2 (1,11) (2,11)
3 (10,13) (9,12)
GAMEOVER TIMEOUT Player-0
WINNER Player-1
# Game ended: Sat Apr 05 14:01:07 PDT 2014
