# Server version 0.08 running on 142.157.148.33:8123
# Game ID: 625
# Board class: halma.CCBoard
# Timeout: 1000
# Date: Sat Apr 05 14:02:09 PDT 2014
# Player 1: Player-0, 's260401458', running on 142.157.148.33
# Player 2: Player-1, 'random', running on 142.157.148.33
# Player 3: Player-2, 'random', running on 142.157.148.33
# Player 4: Player-3, 'random', running on 142.157.148.33
START Player-0 s260401458
START Player-1 random
START Player-2 random
START Player-3 random
0 (0,1) (2,3)
0 null null
1 (12,1) (11,1)
2 (2,14) (4,14)
2 (4,14) (2,14)
2 null null
3 (13,14) (11,14)
3 (11,14) (13,14)
3 (13,14) (13,12)
3 (13,12) (13,14)
3 null null
0 (1,2) (3,4)
0 null null
1 (11,1) (12,1)
2 (2,14) (2,12)
2 null null
3 (14,12) (15,11)
GAMEOVER TIMEOUT Player-0
WINNER Player-1
# Game ended: Sat Apr 05 14:02:11 PDT 2014
