# Server version 0.08 running on George_y410p:8123
# Game ID: 782
# Board class: halma.CCBoard
# Timeout: 1000
# Date: Sun Apr 06 00:13:56 PDT 2014
# Player 1: Player-0, 's260401458', running on George_y410p
# Player 2: Player-1, 'random', running on George_y410p
# Player 3: Player-2, 's260401458', running on George_y410p
# Player 4: Player-3, 'Human', running on George_y410p
START Player-0 s260401458
START Player-1 random
START Player-2 s260401458
START Player-3 Human
0 (2,2) (3,3)
1 (15,2) (15,4)
1 (15,4) (15,2)
1 (15,2) (13,4)
1 null null
2 (2,13) (4,15)
2 null null
3 (13,13) (12,12)
0 (0,0) (2,2)
0 (2,2) (4,4)
0 null null
1 (13,1) (11,1)
1 null null
2 (1,12) (2,11)
3 (15,15) (13,13)
3 (13,13) (11,11)
3 null null
0 (4,4) (5,5)
1 (15,3) (15,2)
2 (2,11) (3,10)
3 (11,11) (10,10)
0 (5,5) (6,6)
1 (12,1) (11,2)
2 (3,10) (4,9)
